2013-ноя-24 14:06:31 +0400 Dave-ПК INFO [cblog.handler] - cblog started successfully
2013-ноя-24 14:13:35 +0400 Dave-ПК INFO [cblog.handler] - cblog started successfully
2013-ноя-24 14:17:32 +0400 Dave-ПК INFO [cblog.handler] - cblog started successfully
2013-ноя-24 14:20:21 +0400 Dave-ПК INFO [cblog.handler] - cblog started successfully
2013-ноя-24 14:27:50 +0400 Dave-ПК INFO [cblog.handler] - cblog started successfully
2013-ноя-24 14:48:20 +0400 Dave-ПК INFO [cblog.handler] - cblog started successfully
2013-ноя-24 14:48:28 +0400 Dave-ПК INFO [cblog.handler] - request:
 {:ssl-client-cert nil,
 :remote-addr "0:0:0:0:0:0:0:1",
 :scheme :http,
 :query-params {},
 :session {},
 :form-params {},
 :multipart-params {},
 :request-method :get,
 :query-string nil,
 :content-type nil,
 :cookies
 {"ring-session" {:value "06941c23-be51-4b5e-a096-d935e970db53"},
  "webfx-tree-cookie-persistence"
  {:value
   "wfxt-32 wfxt-60 wfxt-45 wfxt-43 wfxt-41 wfxt-8 wfxt-82 wfxt-65 wfxt-51 wfxt-49 wfxt-47 wfxt-20 wfxt-18 wfxt-4 wfxt-6 wfxt-16 wfxt-28 wfxt-22 wfxt-24 wfxt-33"},
  "_myapp_session"
  {:value
   "b3h6UVFDRjdoSTVMK29mQXlsTlB2OUVKRStXUGpjTHVzU0UxL1ZmU1VNMHNyK3FKaEdFS1ZmalBCQkVsVFlIdU8wM2dWVm9QOXUxK0d5bW5DdHlyUThiZ2hsQnNGVmVMVElIYkRpbERpQ0NoZnc1bm5zWmFQWDRPQ0VId24wYlRrQ0FMem1tOXl6QnNuUXM5NkloOGVSd25pSXZsME15VFBMV3pXS1grYTJXblBnZHNNUEU3bVVrUnZQMUFiZFdlLS12MVloOVE4eXJFdnFUM3Q5U0dpd2ZBPT0=--140e023b6b563f5140c912d8a057986974be794d"},
  "PPA_ID" {:value "pmaagj6a4qtl12br8ga0f5uau4"}},
 :uri "/",
 :session/key nil,
 :server-name "localhost",
 :params {},
 :headers
 {"accept-encoding" "gzip,deflate,sdch",
  "connection" "keep-alive",
  "user-agent"
  "Mozilla/5.0 (Windows NT 6.1) AppleWebKit/537.36 (KHTML, like Gecko) Chrome/31.0.1650.57 Safari/537.36",
  "accept-language" "en-US,en;q=0.8",
  "accept"
  "text/html,application/xhtml+xml,application/xml;q=0.9,image/webp,*/*;q=0.8",
  "host" "localhost:3000",
  "cookie"
  "PPA_ID=pmaagj6a4qtl12br8ga0f5uau4; _myapp_session=b3h6UVFDRjdoSTVMK29mQXlsTlB2OUVKRStXUGpjTHVzU0UxL1ZmU1VNMHNyK3FKaEdFS1ZmalBCQkVsVFlIdU8wM2dWVm9QOXUxK0d5bW5DdHlyUThiZ2hsQnNGVmVMVElIYkRpbERpQ0NoZnc1bm5zWmFQWDRPQ0VId24wYlRrQ0FMem1tOXl6QnNuUXM5NkloOGVSd25pSXZsME15VFBMV3pXS1grYTJXblBnZHNNUEU3bVVrUnZQMUFiZFdlLS12MVloOVE4eXJFdnFUM3Q5U0dpd2ZBPT0%3D--140e023b6b563f5140c912d8a057986974be794d; webfx-tree-cookie-persistence=wfxt-32+wfxt-60+wfxt-45+wfxt-43+wfxt-41+wfxt-8+wfxt-82+wfxt-65+wfxt-51+wfxt-49+wfxt-47+wfxt-20+wfxt-18+wfxt-4+wfxt-6+wfxt-16+wfxt-28+wfxt-22+wfxt-24+wfxt-33; ring-session=06941c23-be51-4b5e-a096-d935e970db53"},
 :content-length nil,
 :server-port 3000,
 :character-encoding nil,
 :body #<HttpInput org.eclipse.jetty.server.HttpInput@2c28cc>,
 :flash nil}
 
response:
 {:status 200,
 :headers {"Content-Type" "text/html; charset=utf-8"},
 :body
 "<!DOCTYPE HTML>\n<html>\n\t<head>\n\t\t<title>Welcome to cblog</title>\n\t</head>\n\t<body>\n\t\t\t<div class=\"navbar navbar-default navbar-fixed-top\">\n\t\t\t\t<div class=\"container\">\n\t\t\t\t\t<div class=\"navbar-header\">\n\t\t\t\t\t\t<button type=\"button\" class=\"navbar-toggle\" data-toggle=\"collapse\" data-target=\".navbar-collapse\">\n\t\t\t\t\t\t\t<span class=\"icon-bar\"></span>\n\t\t\t\t\t\t\t<span class=\"icon-bar\"></span>\n\t\t\t\t\t\t\t<span class=\"icon-bar\"></span>\n\t\t\t\t\t\t</button>\n\t\t\t\t\t\t<a class=\"navbar-brand\" href=\"/\">cblog</a>\n\t\t\t\t\t</div>\n\t\t\t\t\t\n\t\t\t\t\t<div class=\"navbar-collapse collapse\">\n\n\t<div class=\"btn-group pull-right\">\n\t\t<ul class=\"nav navbar-nav\">\n\t\t\t <li class=\"dropdown\">\n                 <a href=\"/session/new\">Login</a>\n\t\t\t</li>\n\t\t\t<li>\n                <a href=\"/users/new\">Register</a>\n\t\t\t</li>\n\t\t</ul>\n\t</div>\n\n</div>\n\n\t\t\t\t\t\n\t\t\t\t</div>\n\t\t\t</div>\n\t\t\t<div class=\"container\">\n\t\t\t\t\n <div class=\"jumbotron\">\n    <h1>Welcome to collective blog !</h1>\n </div>\n\n <div class=\"row-fluid\">\n    <div class=\"span8\">\n\n    </div>\n </div>\n\n\t\t\t</div>\n\t\t<!-- scripts and styles -->\n\n        <link href=\"/css/bootstrap-theme.min.css\" rel=\"stylesheet\" type=\"text/css\" />\n        <link href=\"/css/bootstrap.min.css\" rel=\"stylesheet\" type=\"text/css\" />\n        <link href=\"/css/screen.css\" rel=\"stylesheet\" type=\"text/css\" />\n        <script src=\"//code.jquery.com/jquery-2.0.3.min.js\" type=\"text/javascript\"></script>\n        <script src=\"/js/bootstrap.min.js\" type=\"text/javascript\"></script>\n        <script type=\"text/javascript\">\n            var context = \"\";\n            $(function() {\n              $(\"#\").addClass(\"active\");\n            });\n        </script>\n\t</body>\n</html>\n"}
 {:status 200, :headers {Content-Type text/html; charset=utf-8}, :body <!DOCTYPE HTML>
<html>
	<head>
		<title>Welcome to cblog</title>
	</head>
	<body>
			<div class="navbar navbar-default navbar-fixed-top">
				<div class="container">
					<div class="navbar-header">
						<button type="button" class="navbar-toggle" data-toggle="collapse" data-target=".navbar-collapse">
							<span class="icon-bar"></span>
							<span class="icon-bar"></span>
							<span class="icon-bar"></span>
						</button>
						<a class="navbar-brand" href="/">cblog</a>
					</div>
					
					<div class="navbar-collapse collapse">

	<div class="btn-group pull-right">
		<ul class="nav navbar-nav">
			 <li class="dropdown">
                 <a href="/session/new">Login</a>
			</li>
			<li>
                <a href="/users/new">Register</a>
			</li>
		</ul>
	</div>

</div>

					
				</div>
			</div>
			<div class="container">
				
 <div class="jumbotron">
    <h1>Welcome to collective blog !</h1>
 </div>

 <div class="row-fluid">
    <div class="span8">

    </div>
 </div>

			</div>
		<!-- scripts and styles -->

        <link href="/css/bootstrap-theme.min.css" rel="stylesheet" type="text/css" />
        <link href="/css/bootstrap.min.css" rel="stylesheet" type="text/css" />
        <link href="/css/screen.css" rel="stylesheet" type="text/css" />
        <script src="//code.jquery.com/jquery-2.0.3.min.js" type="text/javascript"></script>
        <script src="/js/bootstrap.min.js" type="text/javascript"></script>
        <script type="text/javascript">
            var context = "";
            $(function() {
              $("#").addClass("active");
            });
        </script>
	</body>
</html>
}
2013-ноя-24 14:52:05 +0400 Dave-ПК INFO [cblog.handler] - cblog started successfully
2013-ноя-24 15:14:31 +0400 Dave-ПК INFO [cblog.handler] - cblog started successfully
2013-ноя-24 15:46:37 +0400 Dave-ПК INFO [cblog.handler] - cblog started successfully
2013-ноя-24 16:05:20 +0400 Dave-ПК INFO [cblog.handler] - cblog started successfully
2013-ноя-24 16:13:05 +0400 Dave-ПК INFO [cblog.handler] - cblog started successfully
2013-ноя-24 16:14:52 +0400 Dave-ПК INFO [cblog.handler] - cblog started successfully
2013-ноя-24 16:15:55 +0400 Dave-ПК INFO [cblog.handler] - cblog started successfully
2013-ноя-24 16:16:58 +0400 Dave-ПК INFO [cblog.handler] - cblog started successfully
2013-ноя-24 16:23:55 +0400 Dave-ПК INFO [cblog.handler] - cblog started successfully
2013-ноя-24 16:27:20 +0400 Dave-ПК INFO [cblog.handler] - cblog started successfully
2013-ноя-24 16:34:55 +0400 Dave-ПК INFO [cblog.handler] - cblog started successfully
2013-ноя-24 16:39:28 +0400 Dave-ПК INFO [cblog.handler] - cblog started successfully
2013-ноя-24 16:41:09 +0400 Dave-ПК INFO [cblog.handler] - cblog started successfully
2013-ноя-24 17:48:02 +0400 Dave-ПК INFO [cblog.handler] - cblog started successfully
2013-ноя-24 20:49:35 +0400 Dave-ПК INFO [cblog.handler] - cblog started successfully
2013-ноя-24 20:49:46 +0400 Dave-ПК INFO [cblog.handler] - request:
 {:ssl-client-cert nil,
 :remote-addr "0:0:0:0:0:0:0:1",
 :scheme :http,
 :query-params {},
 :session {},
 :form-params {},
 :multipart-params {},
 :request-method :get,
 :query-string nil,
 :content-type nil,
 :cookies
 {"webfx-tree-cookie-persistence"
  {:value
   "wfxt-33 wfxt-24 wfxt-22 wfxt-28 wfxt-16 wfxt-6 wfxt-4 wfxt-18 wfxt-20 wfxt-47 wfxt-49 wfxt-51 wfxt-65 wfxt-82 wfxt-8 wfxt-41 wfxt-43 wfxt-45 wfxt-60 wfxt-32 wfxt-35"},
  "ring-session" {:value "1f669b14-20fb-4321-9ff4-279238fe1e82"},
  "_myapp_session"
  {:value
   "b3h6UVFDRjdoSTVMK29mQXlsTlB2OUVKRStXUGpjTHVzU0UxL1ZmU1VNMHNyK3FKaEdFS1ZmalBCQkVsVFlIdU8wM2dWVm9QOXUxK0d5bW5DdHlyUThiZ2hsQnNGVmVMVElIYkRpbERpQ0NoZnc1bm5zWmFQWDRPQ0VId24wYlRrQ0FMem1tOXl6QnNuUXM5NkloOGVSd25pSXZsME15VFBMV3pXS1grYTJXblBnZHNNUEU3bVVrUnZQMUFiZFdlLS12MVloOVE4eXJFdnFUM3Q5U0dpd2ZBPT0=--140e023b6b563f5140c912d8a057986974be794d"},
  "PPA_ID" {:value "pmaagj6a4qtl12br8ga0f5uau4"}},
 :uri "/",
 :session/key nil,
 :server-name "localhost",
 :params {},
 :headers
 {"accept-encoding" "gzip,deflate,sdch",
  "connection" "keep-alive",
  "user-agent"
  "Mozilla/5.0 (Windows NT 6.1) AppleWebKit/537.36 (KHTML, like Gecko) Chrome/31.0.1650.57 Safari/537.36",
  "accept-language" "en-US,en;q=0.8",
  "accept"
  "text/html,application/xhtml+xml,application/xml;q=0.9,image/webp,*/*;q=0.8",
  "host" "localhost:3000",
  "cookie"
  "PPA_ID=pmaagj6a4qtl12br8ga0f5uau4; _myapp_session=b3h6UVFDRjdoSTVMK29mQXlsTlB2OUVKRStXUGpjTHVzU0UxL1ZmU1VNMHNyK3FKaEdFS1ZmalBCQkVsVFlIdU8wM2dWVm9QOXUxK0d5bW5DdHlyUThiZ2hsQnNGVmVMVElIYkRpbERpQ0NoZnc1bm5zWmFQWDRPQ0VId24wYlRrQ0FMem1tOXl6QnNuUXM5NkloOGVSd25pSXZsME15VFBMV3pXS1grYTJXblBnZHNNUEU3bVVrUnZQMUFiZFdlLS12MVloOVE4eXJFdnFUM3Q5U0dpd2ZBPT0%3D--140e023b6b563f5140c912d8a057986974be794d; ring-session=1f669b14-20fb-4321-9ff4-279238fe1e82; webfx-tree-cookie-persistence=wfxt-33+wfxt-24+wfxt-22+wfxt-28+wfxt-16+wfxt-6+wfxt-4+wfxt-18+wfxt-20+wfxt-47+wfxt-49+wfxt-51+wfxt-65+wfxt-82+wfxt-8+wfxt-41+wfxt-43+wfxt-45+wfxt-60+wfxt-32+wfxt-35"},
 :content-length nil,
 :server-port 3000,
 :character-encoding nil,
 :body #<HttpInput org.eclipse.jetty.server.HttpInput@1349d88>,
 :flash nil}
 
response:
 {:status 200,
 :headers {"Content-Type" "text/html; charset=utf-8"},
 :body
 "<!DOCTYPE HTML>\n<html>\n\t<head>\n\t\t<title>Welcome to cblog</title>\n\t</head>\n\t<body>\n\t\t\t<div class=\"navbar navbar-default navbar-fixed-top\">\n\t\t\t\t<div class=\"container\">\n\t\t\t\t\t<div class=\"navbar-header\">\n\t\t\t\t\t\t<button type=\"button\" class=\"navbar-toggle\" data-toggle=\"collapse\" data-target=\".navbar-collapse\">\n\t\t\t\t\t\t\t<span class=\"icon-bar\"></span>\n\t\t\t\t\t\t\t<span class=\"icon-bar\"></span>\n\t\t\t\t\t\t\t<span class=\"icon-bar\"></span>\n\t\t\t\t\t\t</button>\n\t\t\t\t\t\t<a class=\"navbar-brand\" href=\"/\">cblog</a>\n\t\t\t\t\t</div>\n\t\t\t\t\t\n\t\t\t\t\t<div class=\"navbar-collapse collapse\">\n\n\n\t<div class=\"btn-group pull-right\">\n\t\t<ul class=\"nav navbar-nav\">\n\t\t\t <li class=\"dropdown\">\n                 <a href=\"/session/new\">Login</a>\n\t\t\t</li>\n\t\t\t<li>\n                <a href=\"/users/new\">Register</a>\n\t\t\t</li>\n\t\t</ul>\n\t</div>\n\n</div>\n\n\t\t\t\t\t\n\t\t\t\t</div>\n\t\t\t</div>\n\t\t\t<div class=\"container\">\n\t\t\t\t\n <div class=\"jumbotron\">\n    <h1>Welcome to collective blog !</h1>\n </div>\n\n <div class=\"row-fluid\">\n    <div class=\"span8\">\n\n    </div>\n </div>\n\n\t\t\t</div>\n\t\t<!-- scripts and styles -->\n\n        <link href=\"/css/bootstrap-theme.min.css\" rel=\"stylesheet\" type=\"text/css\" />\n        <link href=\"/css/bootstrap.min.css\" rel=\"stylesheet\" type=\"text/css\" />\n        <link href=\"/css/screen.css\" rel=\"stylesheet\" type=\"text/css\" />\n        <script src=\"//code.jquery.com/jquery-2.0.3.min.js\" type=\"text/javascript\"></script>\n        <script src=\"/js/bootstrap.min.js\" type=\"text/javascript\"></script>\n        <script type=\"text/javascript\">\n            var context = \"\";\n            $(function() {\n              $(\"#\").addClass(\"active\");\n            });\n        </script>\n\t</body>\n</html>\n"}
 {:status 200, :headers {Content-Type text/html; charset=utf-8}, :body <!DOCTYPE HTML>
<html>
	<head>
		<title>Welcome to cblog</title>
	</head>
	<body>
			<div class="navbar navbar-default navbar-fixed-top">
				<div class="container">
					<div class="navbar-header">
						<button type="button" class="navbar-toggle" data-toggle="collapse" data-target=".navbar-collapse">
							<span class="icon-bar"></span>
							<span class="icon-bar"></span>
							<span class="icon-bar"></span>
						</button>
						<a class="navbar-brand" href="/">cblog</a>
					</div>
					
					<div class="navbar-collapse collapse">


	<div class="btn-group pull-right">
		<ul class="nav navbar-nav">
			 <li class="dropdown">
                 <a href="/session/new">Login</a>
			</li>
			<li>
                <a href="/users/new">Register</a>
			</li>
		</ul>
	</div>

</div>

					
				</div>
			</div>
			<div class="container">
				
 <div class="jumbotron">
    <h1>Welcome to collective blog !</h1>
 </div>

 <div class="row-fluid">
    <div class="span8">

    </div>
 </div>

			</div>
		<!-- scripts and styles -->

        <link href="/css/bootstrap-theme.min.css" rel="stylesheet" type="text/css" />
        <link href="/css/bootstrap.min.css" rel="stylesheet" type="text/css" />
        <link href="/css/screen.css" rel="stylesheet" type="text/css" />
        <script src="//code.jquery.com/jquery-2.0.3.min.js" type="text/javascript"></script>
        <script src="/js/bootstrap.min.js" type="text/javascript"></script>
        <script type="text/javascript">
            var context = "";
            $(function() {
              $("#").addClass("active");
            });
        </script>
	</body>
</html>
}
2013-ноя-24 20:50:33 +0400 Dave-ПК INFO [cblog.handler] - cblog started successfully
2013-ноя-24 21:10:03 +0400 Dave-ПК INFO [cblog.handler] - cblog started successfully
2013-ноя-24 21:12:11 +0400 Dave-ПК INFO [cblog.handler] - cblog started successfully
2013-ноя-25 15:19:38 +0400 Dave-ПК INFO [cblog.handler] - cblog started successfully
2013-ноя-25 21:51:28 +0400 Dave-ПК INFO [cblog.handler] - cblog started successfully
2013-ноя-25 22:08:59 +0400 Dave-ПК INFO [cblog.handler] - cblog started successfully
2013-ноя-25 22:09:16 +0400 Dave-ПК ERROR [cblog.controllers.users] - unable to find user #<NumberFormatException java.lang.NumberFormatException: For input string: "ert">
2013-ноя-25 22:52:20 +0400 Dave-ПК ERROR [cblog.controllers.users] - unable to find user #<NumberFormatException java.lang.NumberFormatException: For input string: "ert">
2013-ноя-26 00:07:49 +0400 Dave-ПК INFO [cblog.handler] - cblog started successfully
2013-ноя-26 00:20:54 +0400 Dave-ПК INFO [cblog.handler] - cblog started successfully
2013-ноя-26 00:31:42 +0400 Dave-ПК INFO [cblog.handler] - cblog started successfully
2013-ноя-26 00:42:02 +0400 Dave-ПК INFO [cblog.handler] - cblog started successfully
2013-ноя-26 00:43:16 +0400 Dave-ПК INFO [cblog.handler] - cblog started successfully
2013-ноя-26 00:50:22 +0400 Dave-ПК INFO [cblog.handler] - cblog started successfully
2013-ноя-26 01:05:44 +0400 Dave-ПК INFO [cblog.handler] - cblog started successfully
2013-ноя-26 01:06:54 +0400 Dave-ПК INFO [cblog.handler] - cblog started successfully
2013-ноя-26 12:42:30 +0400 Dave-ПК INFO [cblog.handler] - cblog started successfully
2013-ноя-26 23:28:55 +0400 Dave-ПК INFO [cblog.handler] - cblog started successfully
2013-ноя-27 01:24:07 +0400 Dave-ПК INFO [cblog.handler] - cblog started successfully
2013-ноя-27 20:08:42 +0400 Dave-ПК INFO [cblog.handler] - cblog started successfully
2013-ноя-27 20:13:49 +0400 Dave-ПК ERROR [cblog.controllers.application] - error #<PSQLException org.postgresql.util.PSQLException: ОШИБКА: отношение "user" не существует
  Позиция: 22>
2013-ноя-27 20:15:52 +0400 Dave-ПК ERROR [cblog.controllers.application] - error #<PSQLException org.postgresql.util.PSQLException: ОШИБКА: отношение "user" не существует
  Позиция: 22>
2013-ноя-27 20:28:17 +0400 Dave-ПК INFO [cblog.handler] - cblog started successfully
2013-ноя-27 20:37:56 +0400 Dave-ПК INFO [cblog.handler] - cblog started successfully
2013-ноя-27 21:04:28 +0400 Dave-ПК INFO [cblog.handler] - cblog started successfully
2013-ноя-27 21:20:45 +0400 Dave-ПК INFO [cblog.handler] - cblog started successfully
2013-ноя-27 21:23:36 +0400 Dave-ПК INFO [cblog.handler] - cblog started successfully
2013-ноя-27 21:28:00 +0400 Dave-ПК INFO [cblog.handler] - cblog started successfully
2013-ноя-27 21:29:07 +0400 Dave-ПК INFO [cblog.handler] - cblog started successfully
2013-ноя-27 21:29:12 +0400 Dave-ПК INFO [cblog.handler] - request:
 {:ssl-client-cert nil,
 :remote-addr "0:0:0:0:0:0:0:1",
 :scheme :http,
 :query-params {},
 :session {},
 :form-params {},
 :multipart-params {},
 :request-method :get,
 :query-string nil,
 :content-type nil,
 :cookies
 {"ring-session" {:value "71942beb-4eda-4644-93a0-03963867c33e"},
  "webfx-tree-cookie-persistence"
  {:value
   "wfxt-86 wfxt-26 wfxt-100 wfxt-8 wfxt-33 wfxt-24 wfxt-6 wfxt-4 wfxt-18 wfxt-20 wfxt-65 wfxt-82 wfxt-41 wfxt-43 wfxt-60 wfxt-35 wfxt-22 wfxt-38 wfxt-59 wfxt-34"},
  "_hello_session"
  {:value
   "REl1c2VuTVNDQ2FhK1ZvcFhEUWptWlVKcFk0NGtJR2hYR3VtaU10WnU3KzFBRWtFSVE4Q2RPUEhsZ2llczAxbFExZHhPeDhEM2RNOEhZa2NmM25nZEZIdjJaWk4ydjBuMjNkZDBvR0tHVGRmdDdUOWlTS0Z4Tm1hVDZ1c3A4b3ZxSHBVV2FHa0FkNHF4d1oxOWU3NnpPN1VaUEJibEtsQUhtQ3Z0K2c3MFNzSnFsc2ZieURJRWNlYVNzaXN5SFRSLS1kcktURVZtRThOd241SmdFTmtYeU9RPT0=--7bb202d439f25611d01b566de5a801a54b921354"},
  "request_method" {:value "GET"},
  "_myapp_session"
  {:value
   "b3h6UVFDRjdoSTVMK29mQXlsTlB2OUVKRStXUGpjTHVzU0UxL1ZmU1VNMHNyK3FKaEdFS1ZmalBCQkVsVFlIdU8wM2dWVm9QOXUxK0d5bW5DdHlyUThiZ2hsQnNGVmVMVElIYkRpbERpQ0NoZnc1bm5zWmFQWDRPQ0VId24wYlRrQ0FMem1tOXl6QnNuUXM5NkloOGVSd25pSXZsME15VFBMV3pXS1grYTJXblBnZHNNUEU3bVVrUnZQMUFiZFdlLS12MVloOVE4eXJFdnFUM3Q5U0dpd2ZBPT0=--140e023b6b563f5140c912d8a057986974be794d"},
  "PPA_ID" {:value "pmaagj6a4qtl12br8ga0f5uau4"}},
 :uri "/",
 :session/key nil,
 :server-name "localhost",
 :params {},
 :headers
 {"accept-encoding" "gzip,deflate,sdch",
  "connection" "keep-alive",
  "user-agent"
  "Mozilla/5.0 (Windows NT 6.1) AppleWebKit/537.36 (KHTML, like Gecko) Chrome/31.0.1650.57 Safari/537.36",
  "referer" "http://localhost:3000/",
  "accept-language" "en-US,en;q=0.8",
  "accept"
  "text/html,application/xhtml+xml,application/xml;q=0.9,image/webp,*/*;q=0.8",
  "host" "localhost:3000",
  "cookie"
  "PPA_ID=pmaagj6a4qtl12br8ga0f5uau4; _myapp_session=b3h6UVFDRjdoSTVMK29mQXlsTlB2OUVKRStXUGpjTHVzU0UxL1ZmU1VNMHNyK3FKaEdFS1ZmalBCQkVsVFlIdU8wM2dWVm9QOXUxK0d5bW5DdHlyUThiZ2hsQnNGVmVMVElIYkRpbERpQ0NoZnc1bm5zWmFQWDRPQ0VId24wYlRrQ0FMem1tOXl6QnNuUXM5NkloOGVSd25pSXZsME15VFBMV3pXS1grYTJXblBnZHNNUEU3bVVrUnZQMUFiZFdlLS12MVloOVE4eXJFdnFUM3Q5U0dpd2ZBPT0%3D--140e023b6b563f5140c912d8a057986974be794d; request_method=GET; _hello_session=REl1c2VuTVNDQ2FhK1ZvcFhEUWptWlVKcFk0NGtJR2hYR3VtaU10WnU3KzFBRWtFSVE4Q2RPUEhsZ2llczAxbFExZHhPeDhEM2RNOEhZa2NmM25nZEZIdjJaWk4ydjBuMjNkZDBvR0tHVGRmdDdUOWlTS0Z4Tm1hVDZ1c3A4b3ZxSHBVV2FHa0FkNHF4d1oxOWU3NnpPN1VaUEJibEtsQUhtQ3Z0K2c3MFNzSnFsc2ZieURJRWNlYVNzaXN5SFRSLS1kcktURVZtRThOd241SmdFTmtYeU9RPT0%3D--7bb202d439f25611d01b566de5a801a54b921354; webfx-tree-cookie-persistence=wfxt-86+wfxt-26+wfxt-100+wfxt-8+wfxt-33+wfxt-24+wfxt-6+wfxt-4+wfxt-18+wfxt-20+wfxt-65+wfxt-82+wfxt-41+wfxt-43+wfxt-60+wfxt-35+wfxt-22+wfxt-38+wfxt-59+wfxt-34; ring-session=71942beb-4eda-4644-93a0-03963867c33e"},
 :content-length nil,
 :server-port 3000,
 :character-encoding nil,
 :body #<HttpInput org.eclipse.jetty.server.HttpInput@1452bd1>,
 :flash nil}
 
response:
 {:status 200,
 :headers {"Content-Type" "text/html; charset=utf-8"},
 :body
 "<!DOCTYPE HTML>\n<html>\n\t<head>\n\t\t<title>Welcome to cblog</title>\n\t</head>\n\t<body>\n\t\t\t<div class=\"navbar navbar-default navbar-fixed-top\">\n\t\t\t\t\t<div class=\"navbar-header\">\n\t\t\t\t\t\t<button type=\"button\" class=\"navbar-toggle\" data-toggle=\"collapse\" data-target=\".navbar-collapse\">\n\t\t\t\t\t\t\t<span class=\"icon-bar\"></span>\n\t\t\t\t\t\t\t<span class=\"icon-bar\"></span>\n\t\t\t\t\t\t\t<span class=\"icon-bar\"></span>\n\t\t\t\t\t\t</button>\n\t\t\t\t\t\t<a class=\"navbar-brand\" href=\"/\">Сblog</a>\n\t\t\t\t\t</div>\n\t\t\t\t\t\n\t\t\t\t\t<div class=\"navbar-collapse collapse\">\n\n\n\t\t<ul class=\"nav navbar-nav navbar-right\">\n\t\t\t <li class=\"dropdown\">\n                 <a href=\"/session/new\">Login</a>\n\t\t\t</li>\n\t\t\t<li>\n                <a href=\"/users/new\">Register</a>\n\t\t\t</li>\n\t\t</ul>\n\n</div>\n\n\t\t\t\t\t\n\t\t\t</div>\n\t\t\t<div class=\"container\">\n\t\t\t\t\r\n<h2> Welcome to Cblog</h2>\r\n <div class=\"row-fluid\">\r\n    <div class=\"span8\">\r\n        \r\n\r\n    </div>\r\n </div>\r\n\n\t\t\t</div>\n\t\t<!-- scripts and styles -->\n\n        <link href=\"/css/bootstrap.css\" rel=\"stylesheet\" type=\"text/css\" />\n        <link href=\"/css/screen.css\" rel=\"stylesheet\" type=\"text/css\" />\n        <script src=\"//code.jquery.com/jquery-2.0.3.min.js\" type=\"text/javascript\"></script>\n        <script src=\"/js/bootstrap.min.js\" type=\"text/javascript\"></script>\n        <script type=\"text/javascript\">\n            var context = \"\";\n            $(function() {\n              $(\"#\").addClass(\"active\");\n            });\n        </script>\n\t</body>\n</html>\n"}
 {:status 200, :headers {Content-Type text/html; charset=utf-8}, :body <!DOCTYPE HTML>
<html>
	<head>
		<title>Welcome to cblog</title>
	</head>
	<body>
			<div class="navbar navbar-default navbar-fixed-top">
					<div class="navbar-header">
						<button type="button" class="navbar-toggle" data-toggle="collapse" data-target=".navbar-collapse">
							<span class="icon-bar"></span>
							<span class="icon-bar"></span>
							<span class="icon-bar"></span>
						</button>
						<a class="navbar-brand" href="/">Сblog</a>
					</div>
					
					<div class="navbar-collapse collapse">


		<ul class="nav navbar-nav navbar-right">
			 <li class="dropdown">
                 <a href="/session/new">Login</a>
			</li>
			<li>
                <a href="/users/new">Register</a>
			</li>
		</ul>

</div>

					
			</div>
			<div class="container">
				
<h2> Welcome to Cblog</h2>
 <div class="row-fluid">
    <div class="span8">
        

    </div>
 </div>

			</div>
		<!-- scripts and styles -->

        <link href="/css/bootstrap.css" rel="stylesheet" type="text/css" />
        <link href="/css/screen.css" rel="stylesheet" type="text/css" />
        <script src="//code.jquery.com/jquery-2.0.3.min.js" type="text/javascript"></script>
        <script src="/js/bootstrap.min.js" type="text/javascript"></script>
        <script type="text/javascript">
            var context = "";
            $(function() {
              $("#").addClass("active");
            });
        </script>
	</body>
</html>
}
2013-ноя-27 21:29:37 +0400 Dave-ПК INFO [cblog.handler] - request:
 {:ssl-client-cert nil,
 :remote-addr "0:0:0:0:0:0:0:1",
 :scheme :http,
 :query-params {},
 :session {},
 :form-params {},
 :multipart-params {},
 :request-method :get,
 :query-string nil,
 :content-type nil,
 :cookies
 {"ring-session" {:value "71942beb-4eda-4644-93a0-03963867c33e"},
  "webfx-tree-cookie-persistence"
  {:value
   "wfxt-86 wfxt-26 wfxt-100 wfxt-8 wfxt-33 wfxt-24 wfxt-6 wfxt-4 wfxt-18 wfxt-20 wfxt-65 wfxt-82 wfxt-41 wfxt-43 wfxt-60 wfxt-35 wfxt-22 wfxt-38 wfxt-59 wfxt-34"},
  "_hello_session"
  {:value
   "REl1c2VuTVNDQ2FhK1ZvcFhEUWptWlVKcFk0NGtJR2hYR3VtaU10WnU3KzFBRWtFSVE4Q2RPUEhsZ2llczAxbFExZHhPeDhEM2RNOEhZa2NmM25nZEZIdjJaWk4ydjBuMjNkZDBvR0tHVGRmdDdUOWlTS0Z4Tm1hVDZ1c3A4b3ZxSHBVV2FHa0FkNHF4d1oxOWU3NnpPN1VaUEJibEtsQUhtQ3Z0K2c3MFNzSnFsc2ZieURJRWNlYVNzaXN5SFRSLS1kcktURVZtRThOd241SmdFTmtYeU9RPT0=--7bb202d439f25611d01b566de5a801a54b921354"},
  "request_method" {:value "GET"},
  "_myapp_session"
  {:value
   "b3h6UVFDRjdoSTVMK29mQXlsTlB2OUVKRStXUGpjTHVzU0UxL1ZmU1VNMHNyK3FKaEdFS1ZmalBCQkVsVFlIdU8wM2dWVm9QOXUxK0d5bW5DdHlyUThiZ2hsQnNGVmVMVElIYkRpbERpQ0NoZnc1bm5zWmFQWDRPQ0VId24wYlRrQ0FMem1tOXl6QnNuUXM5NkloOGVSd25pSXZsME15VFBMV3pXS1grYTJXblBnZHNNUEU3bVVrUnZQMUFiZFdlLS12MVloOVE4eXJFdnFUM3Q5U0dpd2ZBPT0=--140e023b6b563f5140c912d8a057986974be794d"},
  "PPA_ID" {:value "pmaagj6a4qtl12br8ga0f5uau4"}},
 :uri "/users/2",
 :session/key nil,
 :server-name "localhost",
 :params {},
 :headers
 {"accept-encoding" "gzip,deflate,sdch",
  "connection" "keep-alive",
  "user-agent"
  "Mozilla/5.0 (Windows NT 6.1) AppleWebKit/537.36 (KHTML, like Gecko) Chrome/31.0.1650.57 Safari/537.36",
  "accept-language" "en-US,en;q=0.8",
  "accept"
  "text/html,application/xhtml+xml,application/xml;q=0.9,image/webp,*/*;q=0.8",
  "host" "localhost:3000",
  "cookie"
  "PPA_ID=pmaagj6a4qtl12br8ga0f5uau4; _myapp_session=b3h6UVFDRjdoSTVMK29mQXlsTlB2OUVKRStXUGpjTHVzU0UxL1ZmU1VNMHNyK3FKaEdFS1ZmalBCQkVsVFlIdU8wM2dWVm9QOXUxK0d5bW5DdHlyUThiZ2hsQnNGVmVMVElIYkRpbERpQ0NoZnc1bm5zWmFQWDRPQ0VId24wYlRrQ0FMem1tOXl6QnNuUXM5NkloOGVSd25pSXZsME15VFBMV3pXS1grYTJXblBnZHNNUEU3bVVrUnZQMUFiZFdlLS12MVloOVE4eXJFdnFUM3Q5U0dpd2ZBPT0%3D--140e023b6b563f5140c912d8a057986974be794d; request_method=GET; _hello_session=REl1c2VuTVNDQ2FhK1ZvcFhEUWptWlVKcFk0NGtJR2hYR3VtaU10WnU3KzFBRWtFSVE4Q2RPUEhsZ2llczAxbFExZHhPeDhEM2RNOEhZa2NmM25nZEZIdjJaWk4ydjBuMjNkZDBvR0tHVGRmdDdUOWlTS0Z4Tm1hVDZ1c3A4b3ZxSHBVV2FHa0FkNHF4d1oxOWU3NnpPN1VaUEJibEtsQUhtQ3Z0K2c3MFNzSnFsc2ZieURJRWNlYVNzaXN5SFRSLS1kcktURVZtRThOd241SmdFTmtYeU9RPT0%3D--7bb202d439f25611d01b566de5a801a54b921354; webfx-tree-cookie-persistence=wfxt-86+wfxt-26+wfxt-100+wfxt-8+wfxt-33+wfxt-24+wfxt-6+wfxt-4+wfxt-18+wfxt-20+wfxt-65+wfxt-82+wfxt-41+wfxt-43+wfxt-60+wfxt-35+wfxt-22+wfxt-38+wfxt-59+wfxt-34; ring-session=71942beb-4eda-4644-93a0-03963867c33e"},
 :content-length nil,
 :server-port 3000,
 :character-encoding nil,
 :body #<HttpInput org.eclipse.jetty.server.HttpInput@1452bd1>,
 :flash nil}
 
response:
 {:status 200,
 :headers {"Content-Type" "text/html; charset=utf-8"},
 :body
 "<!DOCTYPE HTML>\n<html>\n\t<head>\n\t\t<title>Welcome to cblog</title>\n\t</head>\n\t<body>\n\t\t\t<div class=\"navbar navbar-default navbar-fixed-top\">\n\t\t\t\t\t<div class=\"navbar-header\">\n\t\t\t\t\t\t<button type=\"button\" class=\"navbar-toggle\" data-toggle=\"collapse\" data-target=\".navbar-collapse\">\n\t\t\t\t\t\t\t<span class=\"icon-bar\"></span>\n\t\t\t\t\t\t\t<span class=\"icon-bar\"></span>\n\t\t\t\t\t\t\t<span class=\"icon-bar\"></span>\n\t\t\t\t\t\t</button>\n\t\t\t\t\t\t<a class=\"navbar-brand\" href=\"/\">Сblog</a>\n\t\t\t\t\t</div>\n\t\t\t\t\t\n\n\t\t\t</div>\n\t\t\t<div class=\"container\">\n\t\t\t\t\n\n\n  <h3>Hello Dave </h3>\n  <hr>\n\n  <div class=\"row\">\n      <form action=\"/posts\" method=\"POST\" class=\"col-md-5\">\n      <input type=\"text\" name=\"title\" id=\"title\" class=\"form-control\" placeholder=\"title\">\n      <br/>\n      <textarea row=3 name=\"subject\" id=\"subject\" class=\"form-control\" placeholder=\"subject\"></textarea>\n      <br/>\n      <input type=\"submit\" class=\"btn btn-default\" id=\"post-submit\" value=\"Submit\">\n  </form>\n  </div>\n\n\n\n\t\t\t</div>\n\t\t<!-- scripts and styles -->\n\n        <link href=\"/css/bootstrap.css\" rel=\"stylesheet\" type=\"text/css\" />\n        <link href=\"/css/screen.css\" rel=\"stylesheet\" type=\"text/css\" />\n        <script src=\"//code.jquery.com/jquery-2.0.3.min.js\" type=\"text/javascript\"></script>\n        <script src=\"/js/bootstrap.min.js\" type=\"text/javascript\"></script>\n        <script type=\"text/javascript\">\n            var context = \"\";\n            $(function() {\n              $(\"#\").addClass(\"active\");\n            });\n        </script>\n\t</body>\n</html>\n"}
 {:status 200, :headers {Content-Type text/html; charset=utf-8}, :body <!DOCTYPE HTML>
<html>
	<head>
		<title>Welcome to cblog</title>
	</head>
	<body>
			<div class="navbar navbar-default navbar-fixed-top">
					<div class="navbar-header">
						<button type="button" class="navbar-toggle" data-toggle="collapse" data-target=".navbar-collapse">
							<span class="icon-bar"></span>
							<span class="icon-bar"></span>
							<span class="icon-bar"></span>
						</button>
						<a class="navbar-brand" href="/">Сblog</a>
					</div>
					

			</div>
			<div class="container">
				


  <h3>Hello Dave </h3>
  <hr>

  <div class="row">
      <form action="/posts" method="POST" class="col-md-5">
      <input type="text" name="title" id="title" class="form-control" placeholder="title">
      <br/>
      <textarea row=3 name="subject" id="subject" class="form-control" placeholder="subject"></textarea>
      <br/>
      <input type="submit" class="btn btn-default" id="post-submit" value="Submit">
  </form>
  </div>



			</div>
		<!-- scripts and styles -->

        <link href="/css/bootstrap.css" rel="stylesheet" type="text/css" />
        <link href="/css/screen.css" rel="stylesheet" type="text/css" />
        <script src="//code.jquery.com/jquery-2.0.3.min.js" type="text/javascript"></script>
        <script src="/js/bootstrap.min.js" type="text/javascript"></script>
        <script type="text/javascript">
            var context = "";
            $(function() {
              $("#").addClass("active");
            });
        </script>
	</body>
</html>
}
2013-ноя-27 21:37:33 +0400 Dave-ПК INFO [cblog.handler] - cblog started successfully
2013-ноя-27 22:33:17 +0400 Dave-ПК INFO [cblog.handler] - cblog started successfully
